2017-Feb-25 22:32:20 asd ha entrado al juego. NumUsers:1 UserIndex:1
2017-Feb-25 22:37:44 asd ha salido del juego. NumUsers:0 UserIndex:1
2020-Jul-14 08:10:18 fghfg ha entrado al juego. NumUsers:1 UserIndex:1
2020-Jul-14 08:10:36 fghfg ha salido del juego. NumUsers:0 UserIndex:1
2020-Jul-14 08:15:15 6848 ha entrado al juego. NumUsers:1 UserIndex:1
2020-Jul-14 08:19:21 dfgdfg ha entrado al juego. NumUsers:2 UserIndex:2
2020-Jul-14 08:21:20 dfgdfg ha salido del juego. NumUsers:1 UserIndex:2
2020-Jul-14 08:21:32 fghfghfgh ha entrado al juego. NumUsers:2 UserIndex:2
2020-Jul-14 08:22:08 fghfghfgh ha salido del juego. NumUsers:1 UserIndex:2
2020-Jul-14 08:22:12 fghfghfgh ha entrado al juego. NumUsers:2 UserIndex:2
2020-Jul-14 08:23:38 6848 ha salido del juego. NumUsers:1 UserIndex:1
2020-Jul-14 08:23:44 8788 ha entrado al juego. NumUsers:2 UserIndex:1
2020-Jul-14 08:30:30 fghfghfgh ha salido del juego. NumUsers:1 UserIndex:2
2020-Jul-14 08:30:51 8788 ha salido del juego. NumUsers:0 UserIndex:1
2020-Jul-14 09:20:29 asdasd ha entrado al juego. NumUsers:1 UserIndex:1
2020-Jul-14 09:28:45 asdasd ha salido del juego. NumUsers:0 UserIndex:1
2020-Jul-14 10:09:58 asdasd ha entrado al juego. NumUsers:1 UserIndex:1
2020-Jul-14 10:15:49 asdasd ha salido del juego. NumUsers:0 UserIndex:1
2020-Jul-14 10:15:53 asd ha entrado al juego. NumUsers:1 UserIndex:1
2020-Jul-14 10:16:09 asd ha salido del juego. NumUsers:0 UserIndex:1
2020-Jul-14 10:16:12 asd ha entrado al juego. NumUsers:1 UserIndex:1
2020-Jul-14 10:16:45 asd ha salido del juego. NumUsers:0 UserIndex:1
2020-Jul-14 10:16:50 pkko ha entrado al juego. NumUsers:1 UserIndex:1
2020-Jul-14 10:21:45 pkko ha salido del juego. NumUsers:0 UserIndex:1
2020-Jul-14 10:47:55 pkko ha entrado al juego. NumUsers:1 UserIndex:1
2020-Jul-14 10:48:13 pkko ha salido del juego. NumUsers:0 UserIndex:1
2020-Jul-14 10:48:17 ghj ha entrado al juego. NumUsers:1 UserIndex:1
2020-Jul-14 10:48:45 ghj ha salido del juego. NumUsers:0 UserIndex:1
2020-Jul-14 10:48:49 hkjh ha entrado al juego. NumUsers:1 UserIndex:1
2020-Jul-14 10:49:16 hkjh ha salido del juego. NumUsers:0 UserIndex:1
2020-Jul-14 10:51:27 plpl ha entrado al juego. NumUsers:1 UserIndex:1
2020-Jul-14 11:01:46 plpl ha salido del juego. NumUsers:0 UserIndex:1
2020-Jul-14 11:02:24 plp ha entrado al juego. NumUsers:1 UserIndex:1
2020-Jul-14 11:04:17 plp ha salido del juego. NumUsers:0 UserIndex:1
2020-Jul-14 11:04:23 ijij ha entrado al juego. NumUsers:1 UserIndex:1
2020-Jul-14 11:05:09 ijij ha salido del juego. NumUsers:0 UserIndex:1
2020-Jul-14 11:05:13 asd ha entrado al juego. NumUsers:1 UserIndex:1
2020-Jul-14 11:10:45 asd ha salido del juego. NumUsers:0 UserIndex:1
2020-Jul-14 11:10:53 fghfhg ha entrado al juego. NumUsers:1 UserIndex:1
2020-Jul-14 11:11:16 fghfhg ha salido del juego. NumUsers:0 UserIndex:1
2020-Jul-14 11:15:31 fghfgh ha entrado al juego. NumUsers:1 UserIndex:1
2020-Jul-14 11:16:02 fghfgh ha salido del juego. NumUsers:0 UserIndex:1
2020-Jul-14 11:16:07 jhgj ha entrado al juego. NumUsers:1 UserIndex:1
2020-Jul-14 11:16:13 jhgj ha salido del juego. NumUsers:0 UserIndex:1
2020-Jul-14 11:16:29 hjk ha entrado al juego. NumUsers:1 UserIndex:1
2020-Jul-14 11:21:45 hjk ha salido del juego. NumUsers:0 UserIndex:1
2020-Jul-14 11:22:39 asd ha entrado al juego. NumUsers:1 UserIndex:1
2020-Jul-14 11:23:11 asd ha salido del juego. NumUsers:0 UserIndex:1
2020-Jul-14 11:24:21 asd ha entrado al juego. NumUsers:1 UserIndex:1
2020-Jul-14 11:24:41 asd ha salido del juego. NumUsers:0 UserIndex:1
2020-Jul-14 11:26:52 okokko ha entrado al juego. NumUsers:1 UserIndex:1
2020-Jul-14 11:34:02 okokko ha salido del juego. NumUsers:0 UserIndex:1
2020-Jul-14 11:34:07 dfg ha entrado al juego. NumUsers:1 UserIndex:1
2020-Jul-14 11:38:45 dfg ha salido del juego. NumUsers:0 UserIndex:1
2020-Jul-14 12:16:04 sdfsdf ha entrado al juego. NumUsers:1 UserIndex:1
2020-Jul-14 12:17:21 sdfsdf ha salido del juego. NumUsers:0 UserIndex:1
2020-Jul-14 12:17:31 plpl ha entrado al juego. NumUsers:1 UserIndex:1
2020-Jul-14 12:20:30 plpl ha salido del juego. NumUsers:0 UserIndex:1
2020-Jul-14 12:20:52 plpsdl ha entrado al juego. NumUsers:1 UserIndex:1
2020-Jul-14 12:22:27 plpsdl ha salido del juego. NumUsers:0 UserIndex:1
2020-Jul-14 12:22:31 fghf ha entrado al juego. NumUsers:1 UserIndex:1
2020-Jul-14 12:22:45 fghf ha salido del juego. NumUsers:0 UserIndex:1
2020-Jul-14 12:22:49 asd ha entrado al juego. NumUsers:1 UserIndex:1
2020-Jul-14 12:23:00 asd ha salido del juego. NumUsers:0 UserIndex:1
2020-Jul-14 12:23:04 asd ha entrado al juego. NumUsers:1 UserIndex:1
2020-Jul-14 12:25:39 asd ha salido del juego. NumUsers:0 UserIndex:1
2020-Jul-14 12:25:42 asd ha entrado al juego. NumUsers:1 UserIndex:1
2020-Jul-14 12:25:54 asd ha salido del juego. NumUsers:0 UserIndex:1
2020-Jul-14 12:25:58 asd ha entrado al juego. NumUsers:1 UserIndex:1
2020-Jul-14 12:26:15 asd ha salido del juego. NumUsers:0 UserIndex:1
2020-Jul-14 12:26:21 asd ha entrado al juego. NumUsers:1 UserIndex:1
2020-Jul-14 12:26:30 asd ha salido del juego. NumUsers:0 UserIndex:1
2020-Jul-14 12:26:36 asd ha entrado al juego. NumUsers:1 UserIndex:1
2020-Jul-14 12:31:32 asd ha salido del juego. NumUsers:0 UserIndex:1
2020-Jul-14 12:33:06 asdp ha entrado al juego. NumUsers:1 UserIndex:1
2020-Jul-14 12:33:13 asd ha entrado al juego. NumUsers:2 UserIndex:2
2020-Jul-14 12:33:38 asdp ha salido del juego. NumUsers:1 UserIndex:1
2020-Jul-14 12:33:40 asdp ha entrado al juego. NumUsers:2 UserIndex:1
2020-Jul-14 12:33:57 asdp ha salido del juego. NumUsers:1 UserIndex:1
2020-Jul-14 12:34:01 asdp ha entrado al juego. NumUsers:2 UserIndex:1
2020-Jul-14 12:34:52 asdp ha salido del juego. NumUsers:1 UserIndex:1
2020-Jul-14 12:34:56 asd ha salido del juego. NumUsers:0 UserIndex:2
2020-Jul-14 13:40:13 fgh ha entrado al juego. NumUsers:1 UserIndex:1
2020-Jul-14 13:41:04 fgh ha salido del juego. NumUsers:0 UserIndex:1
2020-Jul-14 13:41:12 fgh ha entrado al juego. NumUsers:1 UserIndex:1
2020-Jul-14 13:42:48 fgh ha salido del juego. NumUsers:0 UserIndex:1
2020-Jul-14 13:42:56 asd ha entrado al juego. NumUsers:1 UserIndex:1
2020-Jul-14 13:46:50 asd ha salido del juego. NumUsers:0 UserIndex:1
2020-Jul-14 13:46:58 asd ha entrado al juego. NumUsers:1 UserIndex:1
2020-Jul-14 13:47:43 asd ha salido del juego. NumUsers:0 UserIndex:1
2020-Jul-14 13:47:49 asd ha entrado al juego. NumUsers:1 UserIndex:1
2020-Jul-14 13:48:31 asd ha salido del juego. NumUsers:0 UserIndex:1
2020-Jul-14 13:48:34 adasd ha entrado al juego. NumUsers:1 UserIndex:1
2020-Jul-14 13:52:45 adasd ha salido del juego. NumUsers:0 UserIndex:1
2020-Jul-14 14:46:14 959 ha entrado al juego. NumUsers:1 UserIndex:1
2020-Jul-14 14:50:45 959 ha salido del juego. NumUsers:0 UserIndex:1
2020-Jul-14 14:51:16 asd ha entrado al juego. NumUsers:1 UserIndex:1
2020-Jul-14 14:59:45 asd ha salido del juego. NumUsers:0 UserIndex:1
2020-Jul-14 15:05:00 asd ha entrado al juego. NumUsers:1 UserIndex:1
2020-Jul-14 15:12:45 asd ha salido del juego. NumUsers:0 UserIndex:1
2020-Jul-14 15:22:48 sdf ha entrado al juego. NumUsers:1 UserIndex:1
2020-Jul-14 15:27:09 sdf ha salido del juego. NumUsers:0 UserIndex:1
2020-Jul-14 15:27:13 asd ha entrado al juego. NumUsers:1 UserIndex:1
2020-Jul-14 15:27:48 asd ha salido del juego. NumUsers:0 UserIndex:1
2020-Jul-14 15:27:51 asd ha entrado al juego. NumUsers:1 UserIndex:1
2020-Jul-14 15:28:05 asd ha salido del juego. NumUsers:0 UserIndex:1
2020-Jul-14 15:28:08 sdf ha entrado al juego. NumUsers:1 UserIndex:1
2020-Jul-14 15:28:34 sdf ha salido del juego. NumUsers:0 UserIndex:1
2020-Jul-14 15:28:37 sdf ha entrado al juego. NumUsers:1 UserIndex:1
2020-Jul-14 15:29:41 sdf ha salido del juego. NumUsers:0 UserIndex:1
2020-Jul-14 15:29:45 sdfsdf ha entrado al juego. NumUsers:1 UserIndex:1
2020-Jul-14 15:29:50 sdfsdf ha salido del juego. NumUsers:0 UserIndex:1
2020-Jul-14 15:29:58 sdfsdf ha entrado al juego. NumUsers:1 UserIndex:1
2020-Jul-14 15:31:04 sdfsdf ha salido del juego. NumUsers:0 UserIndex:1
2020-Jul-14 15:32:36 asd ha entrado al juego. NumUsers:1 UserIndex:1
2020-Jul-14 15:32:45 asd ha salido del juego. NumUsers:0 UserIndex:1
2020-Jul-14 15:32:51 asd ha entrado al juego. NumUsers:1 UserIndex:1
2020-Jul-14 15:33:46 asd ha salido del juego. NumUsers:0 UserIndex:1
2020-Jul-14 15:33:55 sfd ha entrado al juego. NumUsers:1 UserIndex:1
2020-Jul-14 15:34:07 sfd ha salido del juego. NumUsers:0 UserIndex:1
2020-Jul-14 15:34:19 sfd ha entrado al juego. NumUsers:1 UserIndex:1
2020-Jul-14 15:35:09 sfd ha salido del juego. NumUsers:0 UserIndex:1
2020-Jul-14 15:35:20 sdf ha entrado al juego. NumUsers:1 UserIndex:1
2020-Jul-14 15:37:02 sdf ha salido del juego. NumUsers:0 UserIndex:1
2020-Jul-14 15:37:14 sdfsdf ha entrado al juego. NumUsers:1 UserIndex:1
2020-Jul-14 15:45:46 sdfsdf ha salido del juego. NumUsers:0 UserIndex:1
2020-Jul-14 16:13:47 sdfsdf ha entrado al juego. NumUsers:1 UserIndex:1
2020-Jul-14 16:14:03 sdfsdf ha salido del juego. NumUsers:0 UserIndex:1
2020-Jul-14 16:14:07 sdf ha entrado al juego. NumUsers:1 UserIndex:1
2020-Jul-14 16:14:34 sdf ha salido del juego. NumUsers:0 UserIndex:1
2020-Jul-14 16:14:42 sdf ha entrado al juego. NumUsers:1 UserIndex:1
2020-Jul-14 16:14:58 sdf ha salido del juego. NumUsers:0 UserIndex:1
2020-Jul-14 16:15:12 sdf ha entrado al juego. NumUsers:1 UserIndex:1
2020-Jul-14 16:16:00 sdf ha salido del juego. NumUsers:0 UserIndex:1
2020-Jul-14 16:17:22 adasd ha entrado al juego. NumUsers:1 UserIndex:1
2020-Jul-14 16:19:03 adasd ha salido del juego. NumUsers:0 UserIndex:1
2020-Jul-14 16:19:07 sdf ha entrado al juego. NumUsers:1 UserIndex:1
2020-Jul-14 16:19:19 sdf ha salido del juego. NumUsers:0 UserIndex:1
2020-Jul-14 16:19:28 sdf ha entrado al juego. NumUsers:1 UserIndex:1
2020-Jul-14 16:20:08 sdf ha salido del juego. NumUsers:0 UserIndex:1
2020-Jul-14 16:20:16 asd ha entrado al juego. NumUsers:1 UserIndex:1
2020-Jul-14 16:20:55 asd ha salido del juego. NumUsers:0 UserIndex:1
2020-Jul-14 16:21:03 asd ha entrado al juego. NumUsers:1 UserIndex:1
2020-Jul-14 16:21:24 asd ha salido del juego. NumUsers:0 UserIndex:1
2020-Jul-14 16:21:30 asd ha entrado al juego. NumUsers:1 UserIndex:1
2020-Jul-14 16:28:45 asd ha salido del juego. NumUsers:0 UserIndex:1
2020-Jul-14 17:39:40 sdsd ha entrado al juego. NumUsers:1 UserIndex:2
2020-Jul-14 17:39:41 asd ha entrado al juego. NumUsers:2 UserIndex:1
2020-Jul-14 17:40:06 sdsd ha salido del juego. NumUsers:1 UserIndex:2
2020-Jul-14 17:44:45 asd ha salido del juego. NumUsers:0 UserIndex:1
2020-Jul-14 17:46:50 asdasd ha entrado al juego. NumUsers:1 UserIndex:1
2020-Jul-14 17:47:20 asdasd ha salido del juego. NumUsers:0 UserIndex:1
2020-Jul-14 17:47:55 sdf ha entrado al juego. NumUsers:1 UserIndex:1
2020-Jul-14 17:48:21 dfg ha entrado al juego. NumUsers:1 UserIndex:1
2020-Jul-14 17:49:07 bm ha entrado al juego. NumUsers:1 UserIndex:1
2020-Jul-14 17:49:32 jk ha entrado al juego. NumUsers:1 UserIndex:1
2020-Jul-14 17:50:10 jk ha entrado al juego. NumUsers:1 UserIndex:1
2020-Jul-14 17:51:23 sdfsdf ha entrado al juego. NumUsers:1 UserIndex:1
2020-Jul-14 17:51:38 dfg ha entrado al juego. NumUsers:2 UserIndex:2
2020-Jul-14 17:53:18 dfg ha entrado al juego. NumUsers:1 UserIndex:1
2020-Jul-14 17:53:26 dfg ha entrado al juego. NumUsers:2 UserIndex:2
2020-Jul-14 17:57:07 oko ha entrado al juego. NumUsers:1 UserIndex:1
2020-Jul-14 17:57:16 asdsad ha entrado al juego. NumUsers:2 UserIndex:2
2020-Jul-14 17:57:29 oko ha salido del juego. NumUsers:1 UserIndex:1
2020-Jul-14 17:57:31 oko ha entrado al juego. NumUsers:2 UserIndex:1
2020-Jul-14 17:57:50 oko ha salido del juego. NumUsers:1 UserIndex:1
2020-Jul-14 17:57:51 oko ha entrado al juego. NumUsers:2 UserIndex:1
2020-Jul-14 17:58:09 oko ha salido del juego. NumUsers:1 UserIndex:1
2020-Jul-14 17:58:10 oko ha entrado al juego. NumUsers:2 UserIndex:1
2020-Jul-14 17:58:26 oko ha salido del juego. NumUsers:1 UserIndex:1
2020-Jul-14 17:58:27 oko ha entrado al juego. NumUsers:2 UserIndex:1
2020-Jul-14 17:58:51 oko ha salido del juego. NumUsers:1 UserIndex:1
2020-Jul-14 17:58:52 oko ha entrado al juego. NumUsers:2 UserIndex:1
2020-Jul-14 17:59:11 oko ha salido del juego. NumUsers:1 UserIndex:1
2020-Jul-14 17:59:12 oko ha entrado al juego. NumUsers:2 UserIndex:1
2020-Jul-14 18:00:38 oko ha salido del juego. NumUsers:1 UserIndex:1
2020-Jul-14 18:00:39 oko ha entrado al juego. NumUsers:2 UserIndex:1
2020-Jul-14 18:04:57 oko ha salido del juego. NumUsers:1 UserIndex:1
2020-Jul-14 18:04:57 asdsad ha salido del juego. NumUsers:0 UserIndex:2
2020-Jul-14 18:16:30 oko ha entrado al juego. NumUsers:1 UserIndex:1
2020-Jul-14 18:18:57 oko ha entrado al juego. NumUsers:1 UserIndex:1
2020-Jul-14 18:19:08 pp ha entrado al juego. NumUsers:2 UserIndex:2
2020-Jul-14 18:19:37 pp ha salido del juego. NumUsers:1 UserIndex:2
2020-Jul-14 18:19:40 dfg ha entrado al juego. NumUsers:2 UserIndex:2
2020-Jul-14 18:19:45 oko ha salido del juego. NumUsers:1 UserIndex:1
2020-Jul-14 18:19:47 oko ha entrado al juego. NumUsers:2 UserIndex:1
2020-Jul-14 18:21:04 dfg ha salido del juego. NumUsers:1 UserIndex:2
2020-Jul-14 18:21:11 ghj ha entrado al juego. NumUsers:2 UserIndex:2
2020-Jul-14 18:21:54 ghj ha salido del juego. NumUsers:1 UserIndex:2
2020-Jul-14 18:21:59 ghj ha entrado al juego. NumUsers:2 UserIndex:2
2020-Jul-14 18:22:03 oko ha salido del juego. NumUsers:1 UserIndex:1
2020-Jul-14 18:22:04 oko ha entrado al juego. NumUsers:2 UserIndex:1
2020-Jul-14 18:22:17 oko ha salido del juego. NumUsers:1 UserIndex:1
2020-Jul-14 18:22:18 oko ha entrado al juego. NumUsers:2 UserIndex:1
2020-Jul-14 18:22:30 oko ha salido del juego. NumUsers:1 UserIndex:1
2020-Jul-14 18:22:31 oko ha entrado al juego. NumUsers:2 UserIndex:1
2020-Jul-14 18:22:44 ghj ha salido del juego. NumUsers:1 UserIndex:2
2020-Jul-14 18:26:49 oko ha salido del juego. NumUsers:0 UserIndex:1
2020-Jul-15 04:59:36 sdf ha entrado al juego. NumUsers:1 UserIndex:1
2020-Jul-15 04:59:45 sdf ha entrado al juego. NumUsers:2 UserIndex:2
2020-Jul-15 04:59:56 sdf ha entrado al juego. NumUsers:3 UserIndex:3
2020-Jul-15 05:00:06 aa ha entrado al juego. NumUsers:4 UserIndex:4
2020-Jul-15 05:01:01 sdf ha salido del juego. NumUsers:3 UserIndex:2
2020-Jul-15 05:01:02 sdf ha entrado al juego. NumUsers:4 UserIndex:2
2020-Jul-15 05:03:40 sdf ha salido del juego. NumUsers:3 UserIndex:2
2020-Jul-15 05:03:41 sdf ha entrado al juego. NumUsers:4 UserIndex:2
2020-Jul-15 05:03:45 sdf ha salido del juego. NumUsers:3 UserIndex:2
2020-Jul-15 05:03:50 kl ha entrado al juego. NumUsers:4 UserIndex:2
2020-Jul-15 05:04:26 sdf ha salido del juego. NumUsers:3 UserIndex:1
2020-Jul-15 05:05:49 kl ha salido del juego. NumUsers:2 UserIndex:2
2020-Jul-15 05:05:51 aa ha salido del juego. NumUsers:1 UserIndex:4
2020-Jul-15 05:05:52 sdf ha salido del juego. NumUsers:0 UserIndex:3
2020-Jul-15 06:22:04 dfgdfg ha entrado al juego. NumUsers:1 UserIndex:1
2020-Jul-15 06:22:15 dfgdfg ha entrado al juego. NumUsers:2 UserIndex:2
2020-Jul-15 06:23:21 dfgdfg ha salido del juego. NumUsers:1 UserIndex:2
2020-Jul-15 06:24:37 ghjghj ha entrado al juego. NumUsers:1 UserIndex:1
2020-Jul-15 06:29:32 ghjghj ha salido del juego. NumUsers:0 UserIndex:1
2020-Jul-15 06:34:52 ghjghj ha entrado al juego. NumUsers:1 UserIndex:1
2020-Jul-15 06:41:32 ghjghj ha salido del juego. NumUsers:0 UserIndex:1
2020-Jul-15 07:51:57 pllp ha entrado al juego. NumUsers:1 UserIndex:1
2020-Jul-15 07:56:17 pllp ha salido del juego. NumUsers:0 UserIndex:1
2020-Jul-15 08:02:20 opkok ha entrado al juego. NumUsers:1 UserIndex:1
2020-Jul-15 08:05:04 sdf ha entrado al juego. NumUsers:1 UserIndex:1
2020-Jul-15 08:06:14 fg ha entrado al juego. NumUsers:1 UserIndex:1
2020-Jul-15 08:09:08 sdf ha entrado al juego. NumUsers:1 UserIndex:1
2020-Jul-15 08:11:18 dfg ha entrado al juego. NumUsers:1 UserIndex:1
2020-Jul-15 08:15:53 sdfsdf ha entrado al juego. NumUsers:1 UserIndex:1
2020-Jul-15 08:20:12 xcv ha entrado al juego. NumUsers:1 UserIndex:1
2020-Jul-15 08:31:02 xcv ha salido del juego. NumUsers:0 UserIndex:1
2020-Jul-15 08:34:24 dfgdfg ha entrado al juego. NumUsers:1 UserIndex:1
2020-Jul-15 08:34:37 dfg ha entrado al juego. NumUsers:2 UserIndex:2
2020-Jul-15 08:34:51 dfg ha salido del juego. NumUsers:1 UserIndex:2
2020-Jul-15 08:34:53 dfg ha entrado al juego. NumUsers:2 UserIndex:2
2020-Jul-15 08:35:14 dfg ha salido del juego. NumUsers:1 UserIndex:2
2020-Jul-15 08:35:15 dfg ha entrado al juego. NumUsers:2 UserIndex:2
2020-Jul-15 08:36:38 dfg ha entrado al juego. NumUsers:1 UserIndex:1
2020-Jul-15 08:36:45 cvb ha entrado al juego. NumUsers:2 UserIndex:2
2020-Jul-15 08:37:05 cvb ha salido del juego. NumUsers:1 UserIndex:2
2020-Jul-15 08:37:06 cvb ha entrado al juego. NumUsers:2 UserIndex:2
2020-Jul-15 08:37:29 cvb ha salido del juego. NumUsers:1 UserIndex:2
2020-Jul-15 08:37:31 cvb ha entrado al juego. NumUsers:2 UserIndex:2
2020-Jul-15 08:37:48 cvb ha salido del juego. NumUsers:1 UserIndex:2
2020-Jul-15 08:37:49 cvb ha entrado al juego. NumUsers:2 UserIndex:2
2020-Jul-15 08:38:29 fgh ha entrado al juego. NumUsers:1 UserIndex:1
2020-Jul-15 08:38:37 fgh ha entrado al juego. NumUsers:2 UserIndex:2
2020-Jul-15 08:38:51 fgh ha salido del juego. NumUsers:1 UserIndex:2
2020-Jul-15 08:38:52 fgh ha entrado al juego. NumUsers:2 UserIndex:2
2020-Jul-15 08:39:21 fgh ha salido del juego. NumUsers:1 UserIndex:2
2020-Jul-15 08:39:23 fgh ha entrado al juego. NumUsers:2 UserIndex:2
2020-Jul-15 08:43:26 fgh ha salido del juego. NumUsers:1 UserIndex:2
2020-Jul-15 08:44:26 fgh ha salido del juego. NumUsers:0 UserIndex:1
2020-Jul-15 08:58:01 oko ha entrado al juego. NumUsers:1 UserIndex:1
2020-Jul-15 09:02:07 sdffsdf ha entrado al juego. NumUsers:1 UserIndex:1
2020-Jul-15 09:02:14 fghcvb ha entrado al juego. NumUsers:2 UserIndex:2
2020-Jul-15 09:26:21 sdf ha entrado al juego. NumUsers:1 UserIndex:1
2020-Jul-15 09:32:06 fgh ha entrado al juego. NumUsers:1 UserIndex:1
2020-Jul-15 09:32:54 dgf ha entrado al juego. NumUsers:1 UserIndex:1
2020-Jul-15 09:33:21 dfg ha entrado al juego. NumUsers:1 UserIndex:1
2020-Jul-15 09:34:56 sdf ha entrado al juego. NumUsers:1 UserIndex:1
2020-Jul-15 09:39:52 sdf ha salido del juego. NumUsers:0 UserIndex:1
2020-Jul-15 09:42:43 fdg ha entrado al juego. NumUsers:1 UserIndex:1
2020-Jul-15 09:42:57 sdf ha entrado al juego. NumUsers:2 UserIndex:2
2020-Jul-15 09:47:35 sdf ha salido del juego. NumUsers:1 UserIndex:2
2020-Jul-15 09:52:33 dfg ha entrado al juego. NumUsers:2 UserIndex:2
2020-Jul-15 09:53:04 fdg ha salido del juego. NumUsers:1 UserIndex:1
2020-Jul-15 09:53:06 fdg ha entrado al juego. NumUsers:2 UserIndex:1
2020-Jul-15 09:56:17 ok ha entrado al juego. NumUsers:1 UserIndex:1
2020-Jul-15 09:56:26 aa ha entrado al juego. NumUsers:2 UserIndex:2
2020-Jul-15 10:00:09 aa ha salido del juego. NumUsers:1 UserIndex:2
2020-Jul-15 10:00:11 aa ha entrado al juego. NumUsers:2 UserIndex:2
2020-Jul-15 10:00:33 aa ha salido del juego. NumUsers:1 UserIndex:2
2020-Jul-15 10:00:35 aa ha entrado al juego. NumUsers:2 UserIndex:2
2020-Jul-15 10:01:16 aa ha salido del juego. NumUsers:1 UserIndex:2
2020-Jul-15 10:01:18 aa ha entrado al juego. NumUsers:2 UserIndex:2
2020-Jul-15 10:04:05 ok ha salido del juego. NumUsers:1 UserIndex:1
2020-Jul-15 10:05:57 aa ha salido del juego. NumUsers:0 UserIndex:2
2020-Jul-15 10:35:01 fgh ha entrado al juego. NumUsers:1 UserIndex:1
2020-Jul-15 10:35:18 dfg ha entrado al juego. NumUsers:2 UserIndex:2
2020-Jul-15 10:35:43 dfg ha salido del juego. NumUsers:1 UserIndex:2
2020-Jul-15 10:35:44 dfg ha entrado al juego. NumUsers:2 UserIndex:2
2020-Jul-15 10:36:03 dfg ha salido del juego. NumUsers:1 UserIndex:2
2020-Jul-15 10:36:04 dfg ha entrado al juego. NumUsers:2 UserIndex:2
2020-Jul-15 10:36:22 dfg ha salido del juego. NumUsers:1 UserIndex:2
2020-Jul-15 10:36:24 dfg ha entrado al juego. NumUsers:2 UserIndex:2
2020-Jul-15 10:36:41 dfg ha salido del juego. NumUsers:1 UserIndex:2
2020-Jul-15 10:36:42 dfg ha entrado al juego. NumUsers:2 UserIndex:2
2020-Jul-15 10:37:05 dfg ha salido del juego. NumUsers:1 UserIndex:2
2020-Jul-15 10:37:06 dfg ha entrado al juego. NumUsers:2 UserIndex:2
2020-Jul-15 10:37:49 dfg ha salido del juego. NumUsers:1 UserIndex:2
2020-Jul-15 10:37:50 dfg ha entrado al juego. NumUsers:2 UserIndex:2
2020-Jul-15 10:38:03 dfg ha salido del juego. NumUsers:1 UserIndex:2
2020-Jul-15 10:38:04 dfg ha entrado al juego. NumUsers:2 UserIndex:2
2020-Jul-15 10:38:11 dfg ha salido del juego. NumUsers:1 UserIndex:2
2020-Jul-15 10:38:12 dfg ha entrado al juego. NumUsers:2 UserIndex:2
2020-Jul-15 10:38:37 fgh ha salido del juego. NumUsers:1 UserIndex:1
2020-Jul-15 10:38:38 fgh ha entrado al juego. NumUsers:2 UserIndex:1
2020-Jul-15 10:38:50 fgh ha salido del juego. NumUsers:1 UserIndex:1
2020-Jul-15 10:38:52 fgh ha entrado al juego. NumUsers:2 UserIndex:1
2020-Jul-15 10:39:02 fgh ha salido del juego. NumUsers:1 UserIndex:1
2020-Jul-15 10:39:03 fgh ha entrado al juego. NumUsers:2 UserIndex:1
2020-Jul-15 10:39:14 fgh ha salido del juego. NumUsers:1 UserIndex:1
2020-Jul-15 10:39:15 fgh ha entrado al juego. NumUsers:2 UserIndex:1
2020-Jul-15 10:39:35 fgh ha salido del juego. NumUsers:1 UserIndex:1
2020-Jul-15 10:39:36 fgh ha entrado al juego. NumUsers:2 UserIndex:1
2020-Jul-15 10:39:56 fgh ha salido del juego. NumUsers:1 UserIndex:1
2020-Jul-15 10:39:57 fgh ha entrado al juego. NumUsers:2 UserIndex:1
2020-Jul-15 10:40:13 fgh ha salido del juego. NumUsers:1 UserIndex:1
2020-Jul-15 10:40:15 fgh ha entrado al juego. NumUsers:2 UserIndex:1
2020-Jul-15 10:40:26 fgh ha salido del juego. NumUsers:1 UserIndex:1
2020-Jul-15 10:40:27 fgh ha entrado al juego. NumUsers:2 UserIndex:1
2020-Jul-15 10:40:47 fgh ha salido del juego. NumUsers:1 UserIndex:1
2020-Jul-15 10:40:48 fgh ha entrado al juego. NumUsers:2 UserIndex:1
2020-Jul-15 10:41:17 dfg ha salido del juego. NumUsers:1 UserIndex:2
2020-Jul-15 10:50:45 opl ha entrado al juego. NumUsers:1 UserIndex:1
2020-Jul-15 10:50:47 sdf ha entrado al juego. NumUsers:2 UserIndex:2
2020-Jul-15 10:51:00 sdf ha salido del juego. NumUsers:1 UserIndex:2
2020-Jul-15 10:51:02 sdf ha entrado al juego. NumUsers:2 UserIndex:2
2020-Jul-15 10:51:12 sdf ha salido del juego. NumUsers:1 UserIndex:2
2020-Jul-15 10:51:13 sdf ha entrado al juego. NumUsers:2 UserIndex:2
2020-Jul-15 11:00:11 opl ha salido del juego. NumUsers:1 UserIndex:1
2020-Jul-15 11:00:11 sdf ha salido del juego. NumUsers:0 UserIndex:2
2020-Jul-15 11:28:16 dfg ha entrado al juego. NumUsers:1 UserIndex:1
2020-Jul-15 11:32:21 fghfgh ha entrado al juego. NumUsers:1 UserIndex:1
2020-Jul-15 11:34:48 fghfgh ha salido del juego. NumUsers:0 UserIndex:1
2020-Jul-15 11:34:55 fghfgh ha entrado al juego. NumUsers:1 UserIndex:1
2020-Jul-15 11:35:07 sdf ha entrado al juego. NumUsers:2 UserIndex:2
2020-Jul-15 11:35:21 sdf ha salido del juego. NumUsers:1 UserIndex:2
2020-Jul-15 11:35:22 sdf ha entrado al juego. NumUsers:2 UserIndex:2
2020-Jul-15 11:35:29 sdf ha salido del juego. NumUsers:1 UserIndex:2
2020-Jul-15 11:35:31 sdf ha entrado al juego. NumUsers:2 UserIndex:2
2020-Jul-15 11:35:40 sdf ha salido del juego. NumUsers:1 UserIndex:2
2020-Jul-15 11:35:42 sdf ha entrado al juego. NumUsers:2 UserIndex:2
2020-Jul-15 11:35:49 sdf ha salido del juego. NumUsers:1 UserIndex:2
2020-Jul-15 11:35:51 sdf ha entrado al juego. NumUsers:2 UserIndex:2
2020-Jul-15 11:35:57 sdf ha salido del juego. NumUsers:1 UserIndex:2
2020-Jul-15 11:35:59 sdf ha entrado al juego. NumUsers:2 UserIndex:2
2020-Jul-15 11:36:05 sdf ha salido del juego. NumUsers:1 UserIndex:2
2020-Jul-15 11:36:07 sdf ha entrado al juego. NumUsers:2 UserIndex:2
2020-Jul-15 11:36:12 sdf ha salido del juego. NumUsers:1 UserIndex:2
2020-Jul-15 11:36:14 sdf ha entrado al juego. NumUsers:2 UserIndex:2
2020-Jul-15 11:36:20 sdf ha salido del juego. NumUsers:1 UserIndex:2
2020-Jul-15 11:36:22 sdf ha entrado al juego. NumUsers:2 UserIndex:2
2020-Jul-15 11:36:28 sdf ha salido del juego. NumUsers:1 UserIndex:2
2020-Jul-15 11:36:29 sdf ha entrado al juego. NumUsers:2 UserIndex:2
2020-Jul-15 11:36:34 sdf ha salido del juego. NumUsers:1 UserIndex:2
2020-Jul-15 11:36:36 sdf ha entrado al juego. NumUsers:2 UserIndex:2
2020-Jul-15 11:36:43 sdf ha salido del juego. NumUsers:1 UserIndex:2
2020-Jul-15 11:36:44 sdf ha entrado al juego. NumUsers:2 UserIndex:2
2020-Jul-15 11:36:49 sdf ha salido del juego. NumUsers:1 UserIndex:2
2020-Jul-15 11:36:51 sdf ha entrado al juego. NumUsers:2 UserIndex:2
2020-Jul-15 11:36:56 sdf ha salido del juego. NumUsers:1 UserIndex:2
2020-Jul-15 11:36:58 sdf ha entrado al juego. NumUsers:2 UserIndex:2
2020-Jul-15 11:37:05 sdf ha salido del juego. NumUsers:1 UserIndex:2
2020-Jul-15 11:37:07 sdf ha entrado al juego. NumUsers:2 UserIndex:2
2020-Jul-15 11:37:12 sdf ha salido del juego. NumUsers:1 UserIndex:2
2020-Jul-15 11:37:14 sdf ha entrado al juego. NumUsers:2 UserIndex:2
2020-Jul-15 11:37:19 sdf ha salido del juego. NumUsers:1 UserIndex:2
2020-Jul-15 11:37:21 sdf ha entrado al juego. NumUsers:2 UserIndex:2
2020-Jul-15 11:37:27 sdf ha salido del juego. NumUsers:1 UserIndex:2
2020-Jul-15 11:37:29 sdf ha entrado al juego. NumUsers:2 UserIndex:2
2020-Jul-15 11:37:34 sdf ha salido del juego. NumUsers:1 UserIndex:2
2020-Jul-15 11:37:36 sdf ha entrado al juego. NumUsers:2 UserIndex:2
2020-Jul-15 11:37:48 sdf ha salido del juego. NumUsers:1 UserIndex:2
2020-Jul-15 11:37:50 sdf ha entrado al juego. NumUsers:2 UserIndex:2
2020-Jul-15 11:37:56 sdf ha salido del juego. NumUsers:1 UserIndex:2
2020-Jul-15 11:37:57 sdf ha entrado al juego. NumUsers:2 UserIndex:2
2020-Jul-15 11:38:04 sdf ha salido del juego. NumUsers:1 UserIndex:2
2020-Jul-15 11:38:06 sdf ha entrado al juego. NumUsers:2 UserIndex:2
2020-Jul-15 11:38:11 sdf ha salido del juego. NumUsers:1 UserIndex:2
2020-Jul-15 11:38:13 sdf ha entrado al juego. NumUsers:2 UserIndex:2
2020-Jul-15 11:38:20 sdf ha salido del juego. NumUsers:1 UserIndex:2
2020-Jul-15 11:38:22 sdf ha entrado al juego. NumUsers:2 UserIndex:2
2020-Jul-15 11:38:30 sdf ha salido del juego. NumUsers:1 UserIndex:2
2020-Jul-15 11:38:32 sdf ha entrado al juego. NumUsers:2 UserIndex:2
2020-Jul-15 11:38:41 sdf ha salido del juego. NumUsers:1 UserIndex:2
2020-Jul-15 11:38:43 sdf ha entrado al juego. NumUsers:2 UserIndex:2
2020-Jul-15 11:38:49 sdf ha salido del juego. NumUsers:1 UserIndex:2
2020-Jul-15 11:38:51 sdf ha entrado al juego. NumUsers:2 UserIndex:2
2020-Jul-15 11:38:59 sdf ha salido del juego. NumUsers:1 UserIndex:2
2020-Jul-15 11:39:00 sdf ha entrado al juego. NumUsers:2 UserIndex:2
2020-Jul-15 11:39:07 sdf ha salido del juego. NumUsers:1 UserIndex:2
2020-Jul-15 11:39:09 sdf ha entrado al juego. NumUsers:2 UserIndex:2
2020-Jul-15 11:39:14 sdf ha salido del juego. NumUsers:1 UserIndex:2
2020-Jul-15 11:39:16 sdf ha entrado al juego. NumUsers:2 UserIndex:2
2020-Jul-15 11:39:23 sdf ha salido del juego. NumUsers:1 UserIndex:2
2020-Jul-15 11:39:24 sdf ha entrado al juego. NumUsers:2 UserIndex:2
2020-Jul-15 11:39:30 sdf ha salido del juego. NumUsers:1 UserIndex:2
2020-Jul-15 11:39:32 sdf ha entrado al juego. NumUsers:2 UserIndex:2
2020-Jul-15 11:53:03 huj ha entrado al juego. NumUsers:1 UserIndex:1
2020-Jul-15 11:53:23 sdf ha entrado al juego. NumUsers:2 UserIndex:2
2020-Jul-15 11:54:00 sdf ha salido del juego. NumUsers:1 UserIndex:2
2020-Jul-15 11:54:01 sdf ha entrado al juego. NumUsers:2 UserIndex:2
2020-Jul-15 11:54:11 sdf ha salido del juego. NumUsers:1 UserIndex:2
2020-Jul-15 11:54:13 sdf ha entrado al juego. NumUsers:2 UserIndex:2
2020-Jul-15 11:54:19 sdf ha salido del juego. NumUsers:1 UserIndex:2
2020-Jul-15 11:54:21 sdf ha entrado al juego. NumUsers:2 UserIndex:2
2020-Jul-15 11:54:24 sdf ha salido del juego. NumUsers:1 UserIndex:2
2020-Jul-15 11:54:26 sdf ha entrado al juego. NumUsers:2 UserIndex:2
2020-Jul-15 11:54:29 sdf ha salido del juego. NumUsers:1 UserIndex:2
2020-Jul-15 11:54:31 sdf ha entrado al juego. NumUsers:2 UserIndex:2
2020-Jul-15 11:54:48 sdf ha salido del juego. NumUsers:1 UserIndex:2
2020-Jul-15 11:54:50 sdf ha entrado al juego. NumUsers:2 UserIndex:2
2020-Jul-15 11:55:09 sdf ha salido del juego. NumUsers:1 UserIndex:2
2020-Jul-15 11:55:11 sdf ha entrado al juego. NumUsers:2 UserIndex:2
2020-Jul-15 11:55:27 sdf ha salido del juego. NumUsers:1 UserIndex:2
2020-Jul-15 11:55:29 sdf ha entrado al juego. NumUsers:2 UserIndex:2
2020-Jul-15 11:55:48 sdf ha salido del juego. NumUsers:1 UserIndex:2
2020-Jul-15 11:55:50 sdf ha entrado al juego. NumUsers:2 UserIndex:2
2020-Jul-15 11:55:57 sdf ha salido del juego. NumUsers:1 UserIndex:2
2020-Jul-15 11:55:59 sdf ha entrado al juego. NumUsers:2 UserIndex:2
2020-Jul-15 11:56:37 sdf ha salido del juego. NumUsers:1 UserIndex:2
2020-Jul-15 11:56:40 sdf ha entrado al juego. NumUsers:2 UserIndex:2
2020-Jul-15 11:57:41 huj ha salido del juego. NumUsers:1 UserIndex:1
2020-Jul-15 11:57:45 huj ha entrado al juego. NumUsers:2 UserIndex:1
2020-Jul-15 12:01:20 sdf ha salido del juego. NumUsers:1 UserIndex:2
2020-Jul-15 12:01:22 sdf ha entrado al juego. NumUsers:2 UserIndex:2
2020-Jul-15 12:04:02 sdf ha salido del juego. NumUsers:1 UserIndex:2
2020-Jul-15 12:04:04 sdf ha entrado al juego. NumUsers:2 UserIndex:2
2020-Jul-15 12:04:57 sdf ha salido del juego. NumUsers:1 UserIndex:2
2020-Jul-15 12:21:50 fgh ha entrado al juego. NumUsers:1 UserIndex:1
2020-Jul-15 12:22:06 fgfg ha entrado al juego. NumUsers:2 UserIndex:2
2020-Jul-15 12:23:52 fgfg ha salido del juego. NumUsers:1 UserIndex:2
2020-Jul-15 12:26:36 fgh ha salido del juego. NumUsers:0 UserIndex:1
2020-Jul-15 12:26:38 fgh ha entrado al juego. NumUsers:1 UserIndex:1
2020-Jul-15 12:26:41 fgh ha salido del juego. NumUsers:0 UserIndex:1
2020-Jul-15 12:26:50 sdfsdf ha entrado al juego. NumUsers:1 UserIndex:1
2020-Jul-15 13:37:27 sdf ha entrado al juego. NumUsers:1 UserIndex:1
2020-Jul-15 13:38:37 sdf ha entrado al juego. NumUsers:1 UserIndex:1
2020-Jul-15 13:38:41 hgj ha entrado al juego. NumUsers:2 UserIndex:2
2020-Jul-15 13:38:57 sdf ha salido del juego. NumUsers:1 UserIndex:1
2020-Jul-15 13:39:03 sdf ha entrado al juego. NumUsers:2 UserIndex:1
2020-Jul-15 13:40:32 dfg ha entrado al juego. NumUsers:1 UserIndex:1
2020-Jul-15 13:40:46 sdf ha entrado al juego. NumUsers:2 UserIndex:2
2020-Jul-15 13:41:02 sdf ha salido del juego. NumUsers:1 UserIndex:2
2020-Jul-15 13:41:03 sdf ha entrado al juego. NumUsers:2 UserIndex:2
2020-Jul-15 13:42:06 ghj ha entrado al juego. NumUsers:3 UserIndex:3
2020-Jul-15 13:44:27 dfg ha salido del juego. NumUsers:2 UserIndex:1
2020-Jul-15 13:44:36 asd ha entrado al juego. NumUsers:3 UserIndex:1
2020-Jul-15 13:45:03 dfgd ha entrado al juego. NumUsers:1 UserIndex:1
2020-Jul-15 13:45:13 sdf ha entrado al juego. NumUsers:2 UserIndex:2
2020-Jul-15 13:45:25 sdf ha salido del juego. NumUsers:1 UserIndex:2
2020-Jul-15 13:45:27 sdf ha entrado al juego. NumUsers:2 UserIndex:2
2020-Jul-15 13:47:29 sdf ha entrado al juego. NumUsers:1 UserIndex:1
2020-Jul-15 13:47:31 sdf ha entrado al juego. NumUsers:2 UserIndex:2
2020-Jul-15 13:48:39 sdf ha entrado al juego. NumUsers:1 UserIndex:1
2020-Jul-15 13:48:42 aa ha entrado al juego. NumUsers:2 UserIndex:2
2020-Jul-15 13:50:06 sdfsdf ha entrado al juego. NumUsers:1 UserIndex:1
2020-Jul-15 13:50:20 dfgdfg ha entrado al juego. NumUsers:2 UserIndex:2
2020-Jul-15 13:50:28 sdfsdf ha salido del juego. NumUsers:1 UserIndex:1
2020-Jul-15 13:50:39 asd ha entrado al juego. NumUsers:2 UserIndex:1
2020-Jul-15 13:51:53 dfg ha entrado al juego. NumUsers:1 UserIndex:1
2020-Jul-15 13:52:05 qweqwe ha entrado al juego. NumUsers:2 UserIndex:2
2020-Jul-15 13:52:22 dfg ha salido del juego. NumUsers:1 UserIndex:1
2020-Jul-15 13:53:55 dfg ha entrado al juego. NumUsers:2 UserIndex:1
2020-Jul-15 13:55:10 qweqwe ha salido del juego. NumUsers:1 UserIndex:2
2020-Jul-15 13:55:11 qweqwe ha entrado al juego. NumUsers:2 UserIndex:2
2020-Jul-15 13:55:14 qweqwe ha salido del juego. NumUsers:1 UserIndex:2
2020-Jul-15 13:55:19 kh ha entrado al juego. NumUsers:2 UserIndex:2
2020-Jul-15 13:55:48 ghj ha entrado al juego. NumUsers:3 UserIndex:3
2020-Jul-15 13:56:12 ghj ha salido del juego. NumUsers:2 UserIndex:3
2020-Jul-15 13:56:13 ghj ha entrado al juego. NumUsers:3 UserIndex:3
2020-Jul-15 13:56:21 ghj ha salido del juego. NumUsers:2 UserIndex:3
2020-Jul-15 13:56:22 ghj ha entrado al juego. NumUsers:3 UserIndex:3
2020-Jul-15 13:56:28 ghj ha salido del juego. NumUsers:2 UserIndex:3
2020-Jul-15 13:56:29 ghj ha entrado al juego. NumUsers:3 UserIndex:3
2020-Jul-15 13:56:36 ghj ha salido del juego. NumUsers:2 UserIndex:3
2020-Jul-15 13:56:37 ghj ha entrado al juego. NumUsers:3 UserIndex:3
2020-Jul-15 13:56:44 ghj ha salido del juego. NumUsers:2 UserIndex:3
2020-Jul-15 13:56:45 ghj ha entrado al juego. NumUsers:3 UserIndex:3
2020-Jul-15 13:56:52 ghj ha salido del juego. NumUsers:2 UserIndex:3
2020-Jul-15 13:56:53 ghj ha entrado al juego. NumUsers:3 UserIndex:3
2020-Jul-15 13:57:01 ghj ha salido del juego. NumUsers:2 UserIndex:3
2020-Jul-15 13:57:02 ghj ha entrado al juego. NumUsers:3 UserIndex:3
2020-Jul-15 13:57:12 ghj ha salido del juego. NumUsers:2 UserIndex:3
2020-Jul-15 13:57:13 ghj ha entrado al juego. NumUsers:3 UserIndex:3
2020-Jul-15 13:57:25 ghj ha salido del juego. NumUsers:2 UserIndex:3
2020-Jul-15 13:57:26 ghj ha entrado al juego. NumUsers:3 UserIndex:3
2020-Jul-15 13:57:34 ghj ha salido del juego. NumUsers:2 UserIndex:3
2020-Jul-15 13:57:35 ghj ha entrado al juego. NumUsers:3 UserIndex:3
2020-Jul-15 13:57:42 ghj ha salido del juego. NumUsers:2 UserIndex:3
2020-Jul-15 13:57:43 ghj ha entrado al juego. NumUsers:3 UserIndex:3
2020-Jul-15 13:57:51 ghj ha salido del juego. NumUsers:2 UserIndex:3
2020-Jul-15 13:57:52 ghj ha entrado al juego. NumUsers:3 UserIndex:3
2020-Jul-15 13:57:58 ghj ha salido del juego. NumUsers:2 UserIndex:3
2020-Jul-15 13:57:59 ghj ha entrado al juego. NumUsers:3 UserIndex:3
2020-Jul-15 13:58:08 ghj ha salido del juego. NumUsers:2 UserIndex:3
2020-Jul-15 13:58:09 ghj ha entrado al juego. NumUsers:3 UserIndex:3
2020-Jul-15 13:58:15 ghj ha salido del juego. NumUsers:2 UserIndex:3
2020-Jul-15 13:58:16 ghj ha entrado al juego. NumUsers:3 UserIndex:3
2020-Jul-15 13:58:23 ghj ha salido del juego. NumUsers:2 UserIndex:3
2020-Jul-15 13:58:24 ghj ha entrado al juego. NumUsers:3 UserIndex:3
2020-Jul-15 13:58:33 ghj ha salido del juego. NumUsers:2 UserIndex:3
2020-Jul-15 13:58:34 ghj ha entrado al juego. NumUsers:3 UserIndex:3
2020-Jul-15 13:58:40 ghj ha salido del juego. NumUsers:2 UserIndex:3
2020-Jul-15 13:58:41 ghj ha entrado al juego. NumUsers:3 UserIndex:3
2020-Jul-15 13:58:48 ghj ha salido del juego. NumUsers:2 UserIndex:3
2020-Jul-15 13:58:49 ghj ha entrado al juego. NumUsers:3 UserIndex:3
2020-Jul-15 13:58:56 ghj ha salido del juego. NumUsers:2 UserIndex:3
2020-Jul-15 13:58:57 ghj ha entrado al juego. NumUsers:3 UserIndex:3
2020-Jul-15 13:59:04 ghj ha salido del juego. NumUsers:2 UserIndex:3
2020-Jul-15 13:59:05 ghj ha entrado al juego. NumUsers:3 UserIndex:3
2020-Jul-15 13:59:13 ghj ha salido del juego. NumUsers:2 UserIndex:3
2020-Jul-15 13:59:14 ghj ha entrado al juego. NumUsers:3 UserIndex:3
2020-Jul-15 13:59:20 ghj ha salido del juego. NumUsers:2 UserIndex:3
2020-Jul-15 13:59:21 ghj ha entrado al juego. NumUsers:3 UserIndex:3
2020-Jul-15 13:59:29 ghj ha salido del juego. NumUsers:2 UserIndex:3
2020-Jul-15 13:59:30 ghj ha entrado al juego. NumUsers:3 UserIndex:3
2020-Jul-15 13:59:38 ghj ha salido del juego. NumUsers:2 UserIndex:3
2020-Jul-15 13:59:39 ghj ha entrado al juego. NumUsers:3 UserIndex:3
2020-Jul-15 13:59:46 ghj ha salido del juego. NumUsers:2 UserIndex:3
2020-Jul-15 13:59:48 ghj ha entrado al juego. NumUsers:3 UserIndex:3
2020-Jul-15 13:59:55 ghj ha salido del juego. NumUsers:2 UserIndex:3
2020-Jul-15 13:59:56 ghj ha entrado al juego. NumUsers:3 UserIndex:3
2020-Jul-15 14:00:02 ghj ha salido del juego. NumUsers:2 UserIndex:3
2020-Jul-15 14:00:03 ghj ha entrado al juego. NumUsers:3 UserIndex:3
2020-Jul-15 14:00:09 ghj ha salido del juego. NumUsers:2 UserIndex:3
2020-Jul-15 14:00:10 ghj ha entrado al juego. NumUsers:3 UserIndex:3
2020-Jul-15 14:00:16 ghj ha salido del juego. NumUsers:2 UserIndex:3
2020-Jul-15 14:00:17 ghj ha entrado al juego. NumUsers:3 UserIndex:3
2020-Jul-15 14:00:26 ghj ha salido del juego. NumUsers:2 UserIndex:3
2020-Jul-15 14:00:27 ghj ha entrado al juego. NumUsers:3 UserIndex:3
2020-Jul-15 14:00:35 ghj ha salido del juego. NumUsers:2 UserIndex:3
2020-Jul-15 14:00:36 ghj ha entrado al juego. NumUsers:3 UserIndex:3
2020-Jul-15 14:00:44 ghj ha salido del juego. NumUsers:2 UserIndex:3
2020-Jul-15 14:00:45 ghj ha entrado al juego. NumUsers:3 UserIndex:3
2020-Jul-15 14:00:51 ghj ha salido del juego. NumUsers:2 UserIndex:3
2020-Jul-15 14:00:52 ghj ha entrado al juego. NumUsers:3 UserIndex:3
2020-Jul-15 14:01:02 ghj ha salido del juego. NumUsers:2 UserIndex:3
2020-Jul-15 14:01:03 ghj ha entrado al juego. NumUsers:3 UserIndex:3
2020-Jul-15 14:01:09 ghj ha salido del juego. NumUsers:2 UserIndex:3
2020-Jul-15 14:01:10 ghj ha entrado al juego. NumUsers:3 UserIndex:3
2020-Jul-15 14:01:16 ghj ha salido del juego. NumUsers:2 UserIndex:3
2020-Jul-15 14:01:17 ghj ha entrado al juego. NumUsers:3 UserIndex:3
2020-Jul-15 14:01:23 ghj ha salido del juego. NumUsers:2 UserIndex:3
2020-Jul-15 14:01:24 ghj ha entrado al juego. NumUsers:3 UserIndex:3
2020-Jul-15 14:01:28 ghj ha salido del juego. NumUsers:2 UserIndex:3
2020-Jul-15 14:01:29 ghj ha entrado al juego. NumUsers:3 UserIndex:3
2020-Jul-15 14:01:35 ghj ha salido del juego. NumUsers:2 UserIndex:3
2020-Jul-15 14:01:36 ghj ha entrado al juego. NumUsers:3 UserIndex:3
2020-Jul-15 14:01:44 ghj ha salido del juego. NumUsers:2 UserIndex:3
2020-Jul-15 14:01:45 ghj ha entrado al juego. NumUsers:3 UserIndex:3
2020-Jul-15 14:01:47 kh ha salido del juego. NumUsers:2 UserIndex:2
2020-Jul-15 14:12:40 sdf ha entrado al juego. NumUsers:1 UserIndex:1
2020-Jul-15 14:12:48 sdf ha entrado al juego. NumUsers:2 UserIndex:2
2020-Jul-15 14:14:26 sdf ha entrado al juego. NumUsers:1 UserIndex:1
2020-Jul-15 14:14:31 sdf ha entrado al juego. NumUsers:2 UserIndex:2
2020-Jul-15 14:14:36 sdf ha salido del juego. NumUsers:1 UserIndex:1
2020-Jul-15 14:14:40 sdf ha entrado al juego. NumUsers:2 UserIndex:1
2020-Jul-15 14:17:43 sdfsdf ha entrado al juego. NumUsers:1 UserIndex:1
2020-Jul-15 14:17:48 sdfsdf ha entrado al juego. NumUsers:2 UserIndex:2
2020-Jul-15 14:18:06 ghj ha entrado al juego. NumUsers:3 UserIndex:3
2020-Jul-15 14:19:23 sdfsdf ha salido del juego. NumUsers:2 UserIndex:1
2020-Jul-15 14:19:25 sdfsdf ha entrado al juego. NumUsers:3 UserIndex:1
2020-Jul-15 14:19:25 sdfsdf ha salido del juego. NumUsers:2 UserIndex:2
2020-Jul-15 14:19:27 sdfsdf ha entrado al juego. NumUsers:3 UserIndex:2
2020-Jul-15 14:19:47 sdfsdf ha salido del juego. NumUsers:2 UserIndex:1
2020-Jul-15 14:19:49 sdfsdf ha entrado al juego. NumUsers:3 UserIndex:1
2020-Jul-15 14:19:56 sdfsdf ha salido del juego. NumUsers:2 UserIndex:1
2020-Jul-15 14:19:58 sdfsdf ha entrado al juego. NumUsers:3 UserIndex:1
2020-Jul-15 14:20:05 sdfsdf ha salido del juego. NumUsers:2 UserIndex:2
2020-Jul-15 14:20:05 ghj ha salido del juego. NumUsers:1 UserIndex:3
2020-Jul-15 14:20:54 sdfsdf ha salido del juego. NumUsers:0 UserIndex:1
2020-Jul-15 14:20:56 sdfsdf ha entrado al juego. NumUsers:1 UserIndex:1
2020-Jul-15 14:21:05 sdfsdf ha salido del juego. NumUsers:0 UserIndex:1
2020-Jul-15 14:21:14 sdf ha entrado al juego. NumUsers:1 UserIndex:1
2020-Jul-15 14:21:19 sdf ha entrado al juego. NumUsers:2 UserIndex:2
2020-Jul-15 14:21:36 sdf ha salido del juego. NumUsers:1 UserIndex:2
2020-Jul-15 14:21:41 fgh ha entrado al juego. NumUsers:2 UserIndex:2
2020-Jul-15 14:21:57 fgh ha salido del juego. NumUsers:1 UserIndex:2
2020-Jul-15 14:22:09 ghjghj ha entrado al juego. NumUsers:2 UserIndex:2
2020-Jul-15 14:28:39 sdfsdf ha entrado al juego. NumUsers:1 UserIndex:1
2020-Jul-15 14:28:46 sdf ha entrado al juego. NumUsers:2 UserIndex:2
2020-Jul-15 14:29:24 fghfgh ha entrado al juego. NumUsers:1 UserIndex:1
2020-Jul-15 14:29:29 fghfgh ha entrado al juego. NumUsers:2 UserIndex:2
2020-Jul-15 14:32:12 fhfg ha entrado al juego. NumUsers:1 UserIndex:1
2020-Jul-15 14:33:47 ertert ha entrado al juego. NumUsers:1 UserIndex:1
2020-Jul-15 14:34:06 sdf ha entrado al juego. NumUsers:2 UserIndex:2
2020-Jul-15 14:34:22 sdf ha salido del juego. NumUsers:1 UserIndex:2
2020-Jul-15 14:34:23 sdf ha entrado al juego. NumUsers:2 UserIndex:2
2020-Jul-15 14:34:29 sdf ha salido del juego. NumUsers:1 UserIndex:2
2020-Jul-15 14:34:31 sdf ha entrado al juego. NumUsers:2 UserIndex:2
2020-Jul-15 14:34:46 sdf ha salido del juego. NumUsers:1 UserIndex:2
2020-Jul-15 14:34:47 sdf ha entrado al juego. NumUsers:2 UserIndex:2
2020-Jul-15 14:35:01 sdf ha salido del juego. NumUsers:1 UserIndex:2
2020-Jul-15 14:35:02 sdf ha entrado al juego. NumUsers:2 UserIndex:2
2020-Jul-15 14:35:14 sdf ha salido del juego. NumUsers:1 UserIndex:2
2020-Jul-15 14:35:16 sdf ha entrado al juego. NumUsers:2 UserIndex:2
2020-Jul-15 14:35:31 sdf ha salido del juego. NumUsers:1 UserIndex:2
2020-Jul-15 14:35:32 sdf ha entrado al juego. NumUsers:2 UserIndex:2
2020-Jul-15 14:35:41 sdf ha salido del juego. NumUsers:1 UserIndex:2
2020-Jul-15 14:35:42 sdf ha entrado al juego. NumUsers:2 UserIndex:2
2020-Jul-15 14:35:52 sdf ha salido del juego. NumUsers:1 UserIndex:2
2020-Jul-15 14:35:53 sdf ha entrado al juego. NumUsers:2 UserIndex:2
2020-Jul-15 14:35:59 sdf ha salido del juego. NumUsers:1 UserIndex:2
2020-Jul-15 14:36:00 sdf ha entrado al juego. NumUsers:2 UserIndex:2
2020-Jul-15 14:36:22 sdf ha salido del juego. NumUsers:1 UserIndex:2
2020-Jul-15 14:36:23 sdf ha entrado al juego. NumUsers:2 UserIndex:2
2020-Jul-15 14:36:42 ertert ha salido del juego. NumUsers:1 UserIndex:1
2020-Jul-15 14:36:42 sdf ha salido del juego. NumUsers:0 UserIndex:2
2020-Jul-15 14:39:29 asd ha entrado al juego. NumUsers:1 UserIndex:1
2020-Jul-15 14:39:40 sdfsdf ha entrado al juego. NumUsers:2 UserIndex:2
2020-Jul-15 14:39:57 sdfsdf ha salido del juego. NumUsers:1 UserIndex:2
2020-Jul-15 14:40:03 dfg ha entrado al juego. NumUsers:2 UserIndex:2
2020-Jul-15 14:41:17 asd ha entrado al juego. NumUsers:1 UserIndex:1
2020-Jul-15 14:41:22 dfg ha entrado al juego. NumUsers:2 UserIndex:2
2020-Jul-15 14:43:42 qwe ha entrado al juego. NumUsers:1 UserIndex:1
2020-Jul-15 14:43:55 asd ha entrado al juego. NumUsers:2 UserIndex:2
2020-Jul-15 14:44:15 asd ha salido del juego. NumUsers:1 UserIndex:2
2020-Jul-15 14:44:21 hjk ha entrado al juego. NumUsers:2 UserIndex:2
2020-Jul-15 14:45:50 asd ha entrado al juego. NumUsers:1 UserIndex:1
2020-Jul-15 14:45:55 sdf ha entrado al juego. NumUsers:2 UserIndex:2
2020-Jul-15 14:46:09 asd ha salido del juego. NumUsers:1 UserIndex:1
2020-Jul-15 14:46:14 hjk ha entrado al juego. NumUsers:2 UserIndex:1
2020-Jul-15 14:46:26 hjk ha salido del juego. NumUsers:1 UserIndex:1
2020-Jul-15 14:46:27 sdf ha salido del juego. NumUsers:0 UserIndex:2
2020-Jul-15 14:53:39 hjk ha entrado al juego. NumUsers:1 UserIndex:1
2020-Jul-15 14:53:46 hkj ha entrado al juego. NumUsers:2 UserIndex:2
2020-Jul-15 15:06:35 asd ha entrado al juego. NumUsers:1 UserIndex:1
2020-Jul-15 15:06:38 sdf ha entrado al juego. NumUsers:2 UserIndex:2
2020-Jul-15 15:07:37 asd ha entrado al juego. NumUsers:1 UserIndex:1
2020-Jul-15 15:07:44 sdf ha entrado al juego. NumUsers:2 UserIndex:2
2020-Jul-15 15:08:04 asd ha salido del juego. NumUsers:1 UserIndex:1
2020-Jul-15 15:08:06 asd ha entrado al juego. NumUsers:2 UserIndex:1
2020-Jul-15 15:08:18 asd ha salido del juego. NumUsers:1 UserIndex:1
2020-Jul-15 15:08:20 asd ha entrado al juego. NumUsers:2 UserIndex:1
2020-Jul-15 15:08:38 asd ha salido del juego. NumUsers:1 UserIndex:1
2020-Jul-15 15:08:40 asd ha entrado al juego. NumUsers:2 UserIndex:1
2020-Jul-15 15:09:39 asd ha entrado al juego. NumUsers:1 UserIndex:1
2020-Jul-15 15:09:55 ghj ha entrado al juego. NumUsers:2 UserIndex:2
2020-Jul-15 15:10:50 ghj ha salido del juego. NumUsers:1 UserIndex:2
2020-Jul-15 15:10:52 asd ha salido del juego. NumUsers:0 UserIndex:1
2020-Jul-15 17:07:06 dsdfsd ha entrado al juego. NumUsers:1 UserIndex:1
2020-Jul-15 17:07:18 dsdfsd ha salido del juego. NumUsers:0 UserIndex:1
2020-Jul-15 17:07:23 dsdfsd ha entrado al juego. NumUsers:1 UserIndex:1
2020-Jul-15 17:07:32 dsdfsd ha salido del juego. NumUsers:0 UserIndex:1
2020-Jul-15 17:07:43 aaaa ha entrado al juego. NumUsers:1 UserIndex:1
2020-Jul-15 17:10:13 aaaa ha salido del juego. NumUsers:0 UserIndex:1
2020-Jul-15 17:10:22 ghjghjgjh ha entrado al juego. NumUsers:1 UserIndex:1
2020-Jul-15 17:10:27 ghjghjgjh ha salido del juego. NumUsers:0 UserIndex:1
2020-Jul-15 17:13:58 ghjghjgjh ha entrado al juego. NumUsers:1 UserIndex:1
2020-Jul-15 17:14:20 ghjghjgjh ha salido del juego. NumUsers:0 UserIndex:1
2020-Jul-15 17:16:39 asd ha entrado al juego. NumUsers:1 UserIndex:1
2020-Jul-15 17:16:58 asd ha salido del juego. NumUsers:0 UserIndex:1
2020-Jul-15 17:17:02 jkl ha entrado al juego. NumUsers:1 UserIndex:1
2020-Jul-15 17:17:15 jkl ha salido del juego. NumUsers:0 UserIndex:1
2020-Jul-15 17:17:29 asdasd ha entrado al juego. NumUsers:1 UserIndex:1
2020-Jul-15 17:18:31 asdasd ha entrado al juego. NumUsers:2 UserIndex:2
2020-Jul-15 17:18:39 sdf ha entrado al juego. NumUsers:3 UserIndex:3
2020-Jul-15 17:18:46 sdfsdf ha entrado al juego. NumUsers:4 UserIndex:4
2020-Jul-15 17:18:55 qweqweqwe ha entrado al juego. NumUsers:5 UserIndex:5
2020-Jul-15 17:19:03 sdfsdfsdf ha entrado al juego. NumUsers:6 UserIndex:6
2020-Jul-15 17:19:25 dffff ha entrado al juego. NumUsers:7 UserIndex:7
2020-Jul-15 17:19:31 aaaa ha entrado al juego. NumUsers:8 UserIndex:8
2020-Jul-15 17:19:39 sdfsdfsdf ha entrado al juego. NumUsers:9 UserIndex:9
2020-Jul-15 17:19:47 qqq ha entrado al juego. NumUsers:10 UserIndex:10
2020-Jul-15 17:19:57 sdfsdf ha entrado al juego. NumUsers:11 UserIndex:11
2020-Jul-15 17:21:26 sdfsdf ha salido del juego. NumUsers:10 UserIndex:11
2020-Jul-15 17:21:27 sdfsdf ha entrado al juego. NumUsers:11 UserIndex:11
2020-Jul-15 17:21:34 sdfsdf ha salido del juego. NumUsers:10 UserIndex:11
2020-Jul-15 17:21:35 sdfsdf ha entrado al juego. NumUsers:11 UserIndex:11
2020-Jul-15 17:21:41 sdfsdf ha salido del juego. NumUsers:10 UserIndex:11
2020-Jul-15 17:21:42 sdfsdf ha entrado al juego. NumUsers:11 UserIndex:11
2020-Jul-15 17:21:47 sdfsdf ha salido del juego. NumUsers:10 UserIndex:11
2020-Jul-15 17:21:49 sdfsdf ha entrado al juego. NumUsers:11 UserIndex:11
2020-Jul-15 17:21:58 sdfsdf ha salido del juego. NumUsers:10 UserIndex:11
2020-Jul-15 17:21:59 sdfsdf ha entrado al juego. NumUsers:11 UserIndex:11
2020-Jul-15 17:22:05 sdfsdf ha salido del juego. NumUsers:10 UserIndex:11
2020-Jul-15 17:22:06 sdfsdf ha entrado al juego. NumUsers:11 UserIndex:11
2020-Jul-15 17:22:12 sdfsdf ha salido del juego. NumUsers:10 UserIndex:11
2020-Jul-15 17:22:13 sdfsdf ha entrado al juego. NumUsers:11 UserIndex:11
2020-Jul-15 17:22:18 sdfsdf ha salido del juego. NumUsers:10 UserIndex:11
2020-Jul-15 17:22:19 sdfsdf ha entrado al juego. NumUsers:11 UserIndex:11
2020-Jul-15 17:22:25 sdfsdf ha salido del juego. NumUsers:10 UserIndex:11
2020-Jul-15 17:22:26 sdfsdf ha entrado al juego. NumUsers:11 UserIndex:11
2020-Jul-15 17:22:35 sdfsdf ha salido del juego. NumUsers:10 UserIndex:11
2020-Jul-15 17:22:36 sdfsdf ha entrado al juego. NumUsers:11 UserIndex:11
2020-Jul-15 17:22:45 sdfsdf ha salido del juego. NumUsers:10 UserIndex:11
2020-Jul-15 17:22:46 sdfsdf ha entrado al juego. NumUsers:11 UserIndex:11
2020-Jul-15 17:22:53 sdfsdf ha salido del juego. NumUsers:10 UserIndex:11
2020-Jul-15 17:22:54 sdfsdf ha entrado al juego. NumUsers:11 UserIndex:11
2020-Jul-15 17:23:00 sdfsdf ha salido del juego. NumUsers:10 UserIndex:11
2020-Jul-15 17:23:01 sdfsdf ha entrado al juego. NumUsers:11 UserIndex:11
2020-Jul-15 17:23:08 sdfsdf ha salido del juego. NumUsers:10 UserIndex:11
2020-Jul-15 17:23:09 sdfsdf ha entrado al juego. NumUsers:11 UserIndex:11
2020-Jul-15 17:23:16 sdfsdf ha salido del juego. NumUsers:10 UserIndex:11
2020-Jul-15 17:23:17 sdfsdf ha entrado al juego. NumUsers:11 UserIndex:11
2020-Jul-15 17:23:24 sdfsdf ha salido del juego. NumUsers:10 UserIndex:11
2020-Jul-15 17:23:25 sdfsdf ha entrado al juego. NumUsers:11 UserIndex:11
2020-Jul-15 17:23:33 sdfsdf ha salido del juego. NumUsers:10 UserIndex:11
2020-Jul-15 17:23:34 sdfsdf ha entrado al juego. NumUsers:11 UserIndex:11
2020-Jul-15 17:23:40 sdfsdf ha salido del juego. NumUsers:10 UserIndex:11
2020-Jul-15 17:23:41 sdfsdf ha entrado al juego. NumUsers:11 UserIndex:11
2020-Jul-15 17:23:47 sdfsdf ha salido del juego. NumUsers:10 UserIndex:11
2020-Jul-15 17:23:48 sdfsdf ha entrado al juego. NumUsers:11 UserIndex:11
2020-Jul-15 17:23:54 sdfsdf ha salido del juego. NumUsers:10 UserIndex:11
2020-Jul-15 17:23:56 sdfsdf ha entrado al juego. NumUsers:11 UserIndex:11
2020-Jul-15 17:24:01 sdfsdf ha salido del juego. NumUsers:10 UserIndex:11
2020-Jul-15 17:24:02 sdfsdf ha entrado al juego. NumUsers:11 UserIndex:11
2020-Jul-15 17:24:09 sdfsdf ha salido del juego. NumUsers:10 UserIndex:11
2020-Jul-15 17:24:10 sdfsdf ha entrado al juego. NumUsers:11 UserIndex:11
2020-Jul-15 17:24:28 asdasd ha salido del juego. NumUsers:10 UserIndex:2
2020-Jul-15 17:24:28 sdf ha salido del juego. NumUsers:9 UserIndex:3
2020-Jul-15 17:24:28 sdfsdf ha salido del juego. NumUsers:8 UserIndex:4
2020-Jul-15 17:24:28 qweqweqwe ha salido del juego. NumUsers:7 UserIndex:5
2020-Jul-15 17:24:28 sdfsdfsdf ha salido del juego. NumUsers:6 UserIndex:6
2020-Jul-15 17:24:28 dffff ha salido del juego. NumUsers:5 UserIndex:7
2020-Jul-15 17:24:28 aaaa ha salido del juego. NumUsers:4 UserIndex:8
2020-Jul-15 17:24:28 sdfsdfsdf ha salido del juego. NumUsers:3 UserIndex:9
2020-Jul-15 17:24:28 qqq ha salido del juego. NumUsers:2 UserIndex:10
2020-Jul-15 17:24:28 sdfsdf ha salido del juego. NumUsers:1 UserIndex:11
2020-Jul-15 17:25:35 jk ha entrado al juego. NumUsers:1 UserIndex:1
2020-Jul-15 17:31:19 oko ha entrado al juego. NumUsers:1 UserIndex:1
2020-Jul-15 17:44:26 fgdfg ha entrado al juego. NumUsers:1 UserIndex:1
2020-Jul-15 17:54:13 fgdfg ha salido del juego. NumUsers:0 UserIndex:1
